Pester v5.7.1

Starting discovery in 1 files.
Discovery found 14 tests in 7ms.
Running tests.

Running tests from 'C:\MyProj\PowerShell.MCP\Tests\Integration\Cmdlets\Show-TextFile.EdgeCases.Tests.ps1'
Describing Show-TextFile - Additional Edge Cases
 Context å°ã•ã„ãƒ•ã‚¡ã‚¤ãƒ«ã§ã®ã‚³ãƒ³ãƒ†ã‚­ã‚¹ãƒˆè¡¨ç¤º
   [-] 1è¡Œãƒ•ã‚¡ã‚¤ãƒ«ã§ãƒãƒƒãƒã—ãŸå ´åˆã€ã‚³ãƒ³ãƒ†ã‚­ã‚¹ãƒˆãªã—ã§è¡¨ç¤º
 7ms (4ms|2ms)
    Expected regular expression '\*.*Target' to match '  1: Target', but it did not match.
    at $result[1] | Should -Match "\*.*Target", C:\MyProj\PowerShell.MCP\Tests\Integration\Cmdlets\Show-TextFile.EdgeCases.Tests.ps1:17
    at <ScriptBlock>, C:\MyProj\PowerShell.MCP\Tests\Integration\Cmdlets\Show-TextFile.EdgeCases.Tests.ps1:17
   [+] 2è¡Œãƒ•ã‚¡ã‚¤ãƒ«ã®1è¡Œç›®ãƒãƒƒãƒ
 4ms (3ms|0ms)
   [+] 2è¡Œãƒ•ã‚¡ã‚¤ãƒ«ã®2è¡Œç›®ãƒãƒƒãƒ
 3ms (3ms|0ms)
 Context åŒä¸€è¡Œå†…ã®è¤‡æ•°ãƒãƒƒãƒ
   [-] Contains: åŒä¸€è¡Œå†…ã®è¤‡æ•°ãƒãƒƒãƒãŒã™ã¹ã¦ãƒã‚¤ãƒ©ã‚¤ãƒˆã•ã‚Œã‚‹
 6ms (4ms|2ms)
    ArgumentNullException: Value cannot be null. (Parameter 'input')
    MethodInvocationException: Exception calling "Matches" with "2" argument(s): "Value cannot be null. (Parameter 'input')"
    at <ScriptBlock>, C:\MyProj\PowerShell.MCP\Tests\Integration\Cmdlets\Show-TextFile.EdgeCases.Tests.ps1:46
   [-] Pattern: åŒä¸€è¡Œå†…ã®è¤‡æ•°ãƒãƒƒãƒãŒã™ã¹ã¦ãƒã‚¤ãƒ©ã‚¤ãƒˆã•ã‚Œã‚‹
 5ms (5ms|0ms)
    ArgumentNullException: Value cannot be null. (Parameter 'input')
    MethodInvocationException: Exception calling "Matches" with "2" argument(s): "Value cannot be null. (Parameter 'input')"
    at <ScriptBlock>, C:\MyProj\PowerShell.MCP\Tests\Integration\Cmdlets\Show-TextFile.EdgeCases.Tests.ps1:56
 Context ç¯„å›²ãƒãƒ¼ã‚¸ã®å¢ƒç•Œæ¡ä»¶
   [+] ãƒãƒƒãƒãŒæ­£ç¢ºã«7è¡Œé›¢ã‚Œã¦ã„ã‚‹å ´åˆã€ç¯„å›²ãŒãƒãƒ¼ã‚¸ã•ã‚Œã‚‹
 4ms (3ms|1ms)
   [+] ãƒãƒƒãƒãŒ8è¡Œä»¥ä¸Šé›¢ã‚Œã¦ã„ã‚‹å ´åˆã€ç¯„å›²ãŒåˆ†é›¢ã•ã‚Œã‚‹
 6ms (6ms|0ms)
 Context è² ã®LineRangeå€¤ã®ãƒãƒªã‚¨ãƒ¼ã‚·ãƒ§ãƒ³
   [+] ç•°ãªã‚‹è² ã®å€¤ï¼ˆ-1, -2, -99ï¼‰ã¯ã™ã¹ã¦åŒã˜å‹•ä½œã‚’ã™ã‚‹
 6ms (5ms|1ms)
   [+] 0ã‚‚è² ã®å€¤ã¨åŒæ§˜ã«æœ«å°¾ã‚’æ„å‘³ã™ã‚‹
 6ms (6ms|0ms)
 Context ãƒãƒªãƒ‡ãƒ¼ã‚·ãƒ§ãƒ³ã‚¨ãƒ©ãƒ¼
   [+] ç¬¬1å¼•æ•°ãŒè² ã®å€¤ã®å ´åˆã¯ãƒãƒªãƒ‡ãƒ¼ã‚·ãƒ§ãƒ³ã‚¨ãƒ©ãƒ¼ã«ãªã‚‹
 3ms (2ms|1ms)
   [+] ç¬¬1å¼•æ•°ãŒ0ã®å ´åˆã‚‚ãƒãƒªãƒ‡ãƒ¼ã‚·ãƒ§ãƒ³ã‚¨ãƒ©ãƒ¼ã«ãªã‚‹
 5ms (5ms|0ms)
 Context ç‰¹æ®Šãªãƒãƒƒãƒã‚±ãƒ¼ã‚¹
   [-] ç©ºè¡ŒãŒãƒãƒƒãƒã™ã‚‹å ´åˆã‚‚æ­£ã—ãè¡¨ç¤º
 5ms (4ms|1ms)
    Expected a value, but got $null or empty.
    at $result | Where-Object { $_ -match "\*.*2:" } | Should -Not -BeNullOrEmpty, C:\MyProj\PowerShell.MCP\Tests\Integration\Cmdlets\Show-TextFile.EdgeCases.Tests.ps1:132
    at <ScriptBlock>, C:\MyProj\PowerShell.MCP\Tests\Integration\Cmdlets\Show-TextFile.EdgeCases.Tests.ps1:132
   [-] éå¸¸ã«é•·ã„è¡Œã§ã‚‚ãƒã‚¤ãƒ©ã‚¤ãƒˆãŒæ­£ã—ãé©ç”¨ã•ã‚Œã‚‹
 8ms (8ms|0ms)
    Expected regular expression '\[7mTARGET\[0m' to match $null, but it did not match.
    at $matchLine | Should -Match "$([char]27)\[7mTARGET$([char]27)\[0m", C:\MyProj\PowerShell.MCP\Tests\Integration\Cmdlets\Show-TextFile.EdgeCases.Tests.ps1:141
    at <ScriptBlock>, C:\MyProj\PowerShell.MCP\Tests\Integration\Cmdlets\Show-TextFile.EdgeCases.Tests.ps1:141
 Context è¤‡æ•°ãƒ•ã‚¡ã‚¤ãƒ«ã§ã®æ–°æ©Ÿèƒ½
   [-] è¤‡æ•°ãƒ•ã‚¡ã‚¤ãƒ«ã§ã‚‚ã‚³ãƒ³ãƒ†ã‚­ã‚¹ãƒˆè¡¨ç¤ºãŒå‹•ä½œã™ã‚‹
 11ms (10ms|1ms)
    Expected 2, but got 0.
    at ($result | Where-Object { $_ -match "\*" }).Count | Should -Be 2, C:\MyProj\PowerShell.MCP\Tests\Integration\Cmdlets\Show-TextFile.EdgeCases.Tests.ps1:158
    at <ScriptBlock>, C:\MyProj\PowerShell.MCP\Tests\Integration\Cmdlets\Show-TextFile.EdgeCases.Tests.ps1:158
Tests completed in 181ms
Tests Passed: 8, 
Failed: 6, 
Skipped: 0, 
Inconclusive: 0, 

NotRun: 0
